Determining if the pthread_create exist failed with the following output:
Change Dir: /home/robotics/workspaces/robocup_ws/build/catkin_tools_prebuild/CMakeFiles/CMakeTmp

Run Build Command:"/usr/bin/make" "cmTC_1cfa9/fast"
/usr/bin/make -f CMakeFiles/cmTC_1cfa9.dir/build.make CMakeFiles/cmTC_1cfa9.dir/build
make[1]: Entering directory '/home/robotics/workspaces/robocup_ws/build/catkin_tools_prebuild/CMakeFiles/CMakeTmp'
Building C object CMakeFiles/cmTC_1cfa9.dir/CheckSymbolExists.c.o
/usr/bin/cc    -o CMakeFiles/cmTC_1cfa9.dir/CheckSymbolExists.c.o   -c /home/robotics/workspaces/robocup_ws/build/catkin_tools_prebuild/CMakeFiles/CMakeTmp/CheckSymbolExists.c
Linking C executable cmTC_1cfa9
/usr/bin/cmake -E cmake_link_script CMakeFiles/cmTC_1cfa9.dir/link.txt --verbose=1
/usr/bin/cc      -rdynamic CMakeFiles/cmTC_1cfa9.dir/CheckSymbolExists.c.o  -o cmTC_1cfa9 
CMakeFiles/cmTC_1cfa9.dir/CheckSymbolExists.c.o: In function `main':
CheckSymbolExists.c:(.text+0x1b): undefined reference to `pthread_create'
collect2: error: ld returned 1 exit status
CMakeFiles/cmTC_1cfa9.dir/build.make:97: recipe for target 'cmTC_1cfa9' failed
make[1]: *** [cmTC_1cfa9] Error 1
make[1]: Leaving directory '/home/robotics/workspaces/robocup_ws/build/catkin_tools_prebuild/CMakeFiles/CMakeTmp'
Makefile:126: recipe for target 'cmTC_1cfa9/fast' failed
make: *** [cmTC_1cfa9/fast] Error 2

File /home/robotics/workspaces/robocup_ws/build/catkin_tools_prebuild/CMakeFiles/CMakeTmp/CheckSymbolExists.c:
/* */
#include <pthread.h>

int main(int argc, char** argv)
{
  (void)argv;
#ifndef pthread_create
  return ((int*)(&pthread_create))[argc];
#else
  (void)argc;
  return 0;
#endif
}

Determining if the function pthread_create exists in the pthreads failed with the following output:
Change Dir: /home/robotics/workspaces/robocup_ws/build/catkin_tools_prebuild/CMakeFiles/CMakeTmp

Run Build Command:"/usr/bin/make" "cmTC_916ec/fast"
/usr/bin/make -f CMakeFiles/cmTC_916ec.dir/build.make CMakeFiles/cmTC_916ec.dir/build
make[1]: Entering directory '/home/robotics/workspaces/robocup_ws/build/catkin_tools_prebuild/CMakeFiles/CMakeTmp'
Building C object CMakeFiles/cmTC_916ec.dir/CheckFunctionExists.c.o
/usr/bin/cc   -DCHECK_FUNCTION_EXISTS=pthread_create   -o CMakeFiles/cmTC_916ec.dir/CheckFunctionExists.c.o   -c /usr/share/cmake-3.10/Modules/CheckFunctionExists.c
Linking C executable cmTC_916ec
/usr/bin/cmake -E cmake_link_script CMakeFiles/cmTC_916ec.dir/link.txt --verbose=1
/usr/bin/cc  -DCHECK_FUNCTION_EXISTS=pthread_create    -rdynamic CMakeFiles/cmTC_916ec.dir/CheckFunctionExists.c.o  -o cmTC_916ec -lpthreads 
/usr/bin/ld: cannot find -lpthreads
collect2: error: ld returned 1 exit status
CMakeFiles/cmTC_916ec.dir/build.make:97: recipe for target 'cmTC_916ec' failed
make[1]: *** [cmTC_916ec] Error 1
make[1]: Leaving directory '/home/robotics/workspaces/robocup_ws/build/catkin_tools_prebuild/CMakeFiles/CMakeTmp'
Makefile:126: recipe for target 'cmTC_916ec/fast' failed
make: *** [cmTC_916ec/fast] Error 2


